<?xml version="1.0" encoding="UTF-8"?>
<testsuite xmlns:xsi="http://www.w3.org/2001/XMLSchema-instance" xsi:noNamespaceSchemaLocation="https://maven.apache.org/surefire/maven-surefire-plugin/xsd/surefire-test-report.xsd" version="3.0.2" name="com.rbs.customer.mcp.server.McpServerApplicationTests" time="15.293" tests="1" errors="0" skipped="0" failures="0" flakes="0">
  <properties>
[...]
</properties>
  <testcase name="contextLoads" classname="com.rbs.customer.mcp.server.McpServerApplicationTests" time="2.899">
    <system-out><![CDATA[Standard Commons Logging discovery in action with spring-jcl: please remove commons-logging.jar from classpath in order to avoid potential conflicts
17:29:49.521 [main] INFO org.springframework.test.context.support.AnnotationConfigContextLoaderUtils -- Could not detect default configuration classes for test class [com.rbs.customer.mcp.server.McpServerApplicationTests]: McpServerApplicationTests does not declare any static, non-private, non-final, nested classes annotated with @Configuration.
17:29:50.040 [main] INFO org.springframework.boot.test.context.SpringBootTestContextBootstrapper -- Found @SpringBootConfiguration com.rbs.customer.mcp.server.McpServerApplication for test class com.rbs.customer.mcp.server.McpServerApplicationTests

  .   ____          _            __ _ _
 /\\ / ___'_ __ _ _(_)_ __  __ _ \ \ \ \
( ( )\___ | '_ | '_| | '_ \/ _` | \ \ \ \
 \\/  ___)| |_)| | | | | || (_| |  ) ) ) )
  '  |____| .__|_| |_|_| |_\__, | / / / /
 =========|_|==============|___/=/_/_/_/

 :: Spring Boot ::               (v3.5.14)

2026-04-25T17:29:53.151+05:30  INFO 10544 --- [mcp-server] [           main] c.r.c.m.s.McpServerApplicationTests      : Starting McpServerApplicationTests using Java 17.0.12 with PID 10544 (started by ACER in C:\Users\ACER\Downloads\onboarding-service\mcp-server)
2026-04-25T17:29:53.155+05:30  INFO 10544 --- [mcp-server] [           main] c.r.c.m.s.McpServerApplicationTests      : No active profile set, falling back to 1 default profile: "default"
2026-04-25T17:30:00.281+05:30  INFO 10544 --- [mcp-server] [           main] o.s.b.a.e.web.EndpointLinksResolver      : Exposing 4 endpoints beneath base path '/actuator'
2026-04-25T17:30:00.529+05:30  INFO 10544 --- [mcp-server] [           main] c.r.c.m.s.McpServerApplicationTests      : Started McpServerApplicationTests in 9.763 seconds (process running for 14.22)
]]></system-out>
  </testcase>
</testsuite>